-------------------------------------------------------------------------------
Test set: com.patient.data.PatientApplicationTests
-------------------------------------------------------------------------------
Tests run: 1, Failures: 0, Errors: 1, Skipped: 0, Time elapsed: 0.46 s <<< FAILURE! - in com.patient.data.PatientApplicationTests
com.patient.data.PatientApplicationTests  Time elapsed: 0.459 s  <<< ERROR!
java.lang.IllegalStateException: Unable to find a @SpringBootConfiguration, you need to use @ContextConfiguration or @SpringBootTest(classes=...) with your test

